<?xml version="1.0" encoding="UTF-8"?>
<testsuite name="service.GreeterSpec" tests="1" skipped="0" failures="0" errors="0" timestamp="2019-03-08T07:17:51" hostname="feimao-zhan66" time="0.165">
  <properties/>
  <testcase name="Calling the entry point" classname="service.GreeterSpec" time="0.165"/>
  <system-out><![CDATA[]]></system-out>
  <system-err><![CDATA[]]></system-err>
</testsuite>
