<?xml version="1.0" encoding="UTF-8"?>
<testsuite name="lib.GreetingFormatterSpec" tests="1" skipped="0" failures="0" errors="0" timestamp="2019-03-08T07:17:49" hostname="feimao-zhan66" time="0.089">
  <properties/>
  <testcase name="Creating a greeting" classname="lib.GreetingFormatterSpec" time="0.089"/>
  <system-out><![CDATA[]]></system-out>
  <system-err><![CDATA[]]></system-err>
</testsuite>
